[0m10:07:27.015838 [debug] [MainThread]: Sending event: {'category': 'dbt', 'action': 'invocation', 'label': 'start', 'context': [<snowplow_tracker.self_describing_json.SelfDescribingJson object at 0x00000224043A9850>, <snowplow_tracker.self_describing_json.SelfDescribingJson object at 0x000002240099A390>, <snowplow_tracker.self_describing_json.SelfDescribingJson object at 0x0000022404399FD0>]}


============================== 10:07:27.052594 | f7fce3ed-35a8-49a8-a98e-1dccf8a1dc8e ==============================
[0m10:07:27.052594 [info ] [MainThread]: Running with dbt=1.9.2
[0m10:07:27.052594 [debug] [MainThread]: running dbt with arguments {'printer_width': '80', 'indirect_selection': 'eager', 'log_cache_events': 'False', 'write_json': 'True', 'partial_parse': 'True', 'cache_selected_only': 'False', 'profiles_dir': 'C:\\Users\\hp\\.dbt', 'debug': 'False', 'fail_fast': 'False', 'log_path': 'logs', 'warn_error': 'None', 'version_check': 'True', 'use_colors': 'True', 'use_experimental_parser': 'False', 'empty': 'None', 'quiet': 'False', 'no_print': 'None', 'warn_error_options': 'WarnErrorOptions(include=[], exclude=[])', 'static_parser': 'True', 'introspect': 'True', 'log_format': 'default', 'target_path': 'None', 'invocation_command': 'dbt init', 'send_anonymous_usage_stats': 'True'}
[0m10:07:27.147925 [warn ] [MainThread]: [ConfigFolderDirectory]: Unable to parse logging event dictionary. Failed to parse dir field: expected string or bytes-like object, got 'WindowsPath'.. Dictionary: {'dir': WindowsPath('C:/Users/hp/.dbt')}
[0m10:07:27.147925 [info ] [MainThread]: Creating dbt configuration folder at 
[0m10:07:57.870678 [debug] [MainThread]: Starter project path: C:\Users\hp\AppData\Local\Programs\Python\Python311\Lib\site-packages\dbt\include\starter_project
[0m10:07:58.045465 [info ] [MainThread]: 
Your new dbt project "dbt_proj" was created!

For more information on how to configure the profiles.yml file,
please consult the dbt documentation here:

  https://docs.getdbt.com/docs/configure-your-profile

One more thing:

Need help? Don't hesitate to reach out to us via GitHub issues or on Slack:

  https://community.getdbt.com/

Happy modeling!

[0m10:07:58.052480 [info ] [MainThread]: Setting up your profile.
[0m10:09:21.993323 [info ] [MainThread]: Profile dbt_proj written to C:\Users\hp\.dbt\profiles.yml using target's profile_template.yml and your supplied values. Run 'dbt debug' to validate the connection.
[0m10:09:21.993323 [debug] [MainThread]: Command `dbt init` succeeded at 10:09:21.993323 after 115.08 seconds
[0m10:09:21.993323 [debug] [MainThread]: Sending event: {'category': 'dbt', 'action': 'invocation', 'label': 'end', 'context': [<snowplow_tracker.self_describing_json.SelfDescribingJson object at 0x000002240434EC10>, <snowplow_tracker.self_describing_json.SelfDescribingJson object at 0x000002247E036710>, <snowplow_tracker.self_describing_json.SelfDescribingJson object at 0x000002247E0996D0>]}
[0m10:09:21.993323 [debug] [MainThread]: Flushing usage events
[0m10:09:23.759168 [debug] [MainThread]: An error was encountered while trying to flush usage events
